04-17-2017 @ 16:50:38 - Generating payment form for order #21. Notify URL: https://mall.gugecc.com/wc-api/WC_Alipay/
04-17-2017 @ 16:52:09 - Generating payment form for order #22. Notify URL: https://mall.gugecc.com/wc-api/WC_Alipay/
04-17-2017 @ 17:44:36 - Generating payment form for order #24. Notify URL: https://mall.gugecc.com/wc-api/WC_Alipay/
04-17-2017 @ 18:05:25 - Generating payment form for order #25. Notify URL: https://mall.gugecc.com/wc-api/WC_Alipay/
04-17-2017 @ 18:13:50 - Generating payment form for order #26. Notify URL: https://mall.gugecc.com/wc-api/WC_Alipay/
04-18-2017 @ 08:22:49 - Generating payment form for order #27. Notify URL: https://mall.gugecc.com/wc-api/WC_Alipay/
04-18-2017 @ 09:32:14 - Generating payment form for order #29. Notify URL: https://mall.gugecc.com/wc-api/WC_Alipay/
04-18-2017 @ 09:37:16 - Generating payment form for order #30. Notify URL: https://mall.gugecc.com/wc-api/WC_Alipay/
04-18-2017 @ 09:44:39 - Generating payment form for order #31. Notify URL: https://mall.gugecc.com/wc-api/WC_Alipay/
04-18-2017 @ 13:08:16 - Generating payment form for order #44. Notify URL: https://mall.gugecc.com/wc-api/WC_Alipay/
04-18-2017 @ 13:21:01 - Generating payment form for order #45. Notify URL: https://mall.gugecc.com/wc-api/WC_Alipay/
04-18-2017 @ 17:28:06 - Generating payment form for order #46. Notify URL: https://mall.gugecc.com/wc-api/WC_Alipay/
04-18-2017 @ 17:28:28 - responseTxt=true
 notify_url_log:isSign=true,discount=0.00&payment_type=1&subject=胡胡|#46&trade_no=2017041821001004790215392765&buyer_email=110569400@qq.com&gmt_create=2017-04-18 17:28:19&notify_type=trade_status_sync&quantity=1&out_trade_no=WC-46&seller_id=2088021207883591&notify_time=2017-04-18 17:28:27&trade_status=TRADE_SUCCESS&is_total_fee_adjust=N&total_fee=1.00&gmt_payment=2017-04-18 17:28:27&seller_email=185218753@qq.com&price=1.00&buyer_id=2088002551564798&notify_id=80c5754855a647d10a09f121f2fed48m3i&use_coupon=N&sign_type=MD5&sign=58758f8299fb5109ab05d7128b48380c
04-18-2017 @ 17:28:28 - Verification result: Valid
04-18-2017 @ 17:28:28 - Trade Status Received: TRADE_SUCCESS, Order ID: 46
04-18-2017 @ 17:28:40 - responseTxt=true
 return_url_log:isSign=false,q=/checkout/order-received/46/&buyer_email=110569400@qq.com&buyer_id=2088002551564798&exterface=create_direct_pay_by_user&is_success=T&notify_id=RqPnCoPT3K9%2Fvwbh3InYy5uSkCdS7D8H4pFxgCSxKT5bk3Lw37N2eEy7rKBBWm0FZmky&notify_time=2017-04-18 17:28:36&notify_type=trade_status_sync&out_trade_no=WC-46&payment_type=1&seller_email=185218753@qq.com&seller_id=2088021207883591&subject=胡胡|#46&total_fee=1.00&trade_no=2017041821001004790215392765&trade_status=TRADE_SUCCESS&sign=743ccfc6b6c591697f67fcc405f4224b&sign_type=MD5
04-18-2017 @ 17:34:36 - Generating payment form for order #47. Notify URL: https://mall.gugecc.com/wc-api/WC_Alipay/
04-18-2017 @ 17:35:59 - responseTxt=true
 notify_url_log:isSign=true,discount=0.00&payment_type=1&subject=胡胡|#47&trade_no=2017041821001004450248448831&buyer_email=opensmsandivr@hotmail.com&gmt_create=2017-04-18 17:35:45&notify_type=trade_status_sync&quantity=1&out_trade_no=WC-47&seller_id=2088021207883591&notify_time=2017-04-18 17:35:59&trade_status=TRADE_SUCCESS&is_total_fee_adjust=N&total_fee=1.00&gmt_payment=2017-04-18 17:35:58&seller_email=185218753@qq.com&price=1.00&buyer_id=2088002109144458&notify_id=25de19225ed701d9a74a06836cb58bajh2&use_coupon=N&sign_type=MD5&sign=eabdfaebcceed678d1a76fe76655d216
04-18-2017 @ 17:35:59 - Verification result: Valid
04-18-2017 @ 17:35:59 - Trade Status Received: TRADE_SUCCESS, Order ID: 47
04-18-2017 @ 17:36:12 - responseTxt=true
 return_url_log:isSign=false,q=/checkout/order-received/47/&buyer_email=opensmsandivr@hotmail.com&buyer_id=2088002109144458&exterface=create_direct_pay_by_user&is_success=T&notify_id=RqPnCoPT3K9%2Fvwbh3InYy5uSn7j2oabA2gxeyLhAdgAcuZSPI290rCFZBsp4UUlPwV4d&notify_time=2017-04-18 17:36:08&notify_type=trade_status_sync&out_trade_no=WC-47&payment_type=1&seller_email=185218753@qq.com&seller_id=2088021207883591&subject=胡胡|#47&total_fee=1.00&trade_no=2017041821001004450248448831&trade_status=TRADE_SUCCESS&sign=35b0a02db84cae4d85bd52328d4f0e7f&sign_type=MD5
